# lattice-best-path --lm-scale=8 --word-symbol-table=exp/tri1/graph/words.txt "ark:gunzip -c exp/tri1/decode/lat.*.gz|" ark,t:exp/tri1/decode/scoring/8.tra 
# Started at Thu Jun  1 14:29:55 IST 2023
#
lattice-best-path --lm-scale=8 --word-symbol-table=exp/tri1/graph/words.txt 'ark:gunzip -c exp/tri1/decode/lat.*.gz|' ark,t:exp/tri1/decode/scoring/8.tra 
LOG (lattice-best-path[5.5.1074~1-71f3]:main():lattice-best-path.cc:99) For utterance sung_test_utteranceID_0_9_8, best cost 204.819 + 22488.2 = 22693 over 310 frames.
sung_test_utteranceID_0_9_8 zero nine eight 
LOG (lattice-best-path[5.5.1074~1-71f3]:main():lattice-best-path.cc:99) For utterance sung_test_utteranceID_1_0_9, best cost 208.202 + 26987.4 = 27195.6 over 357 frames.
sung_test_utteranceID_1_0_9 one zero nine 
LOG (lattice-best-path[5.5.1074~1-71f3]:main():lattice-best-path.cc:99) For utterance sung_test_utteranceID_2_1_0, best cost 247.942 + 21412.5 = 21660.4 over 292 frames.
sung_test_utteranceID_2_1_0 three one zero 
LOG (lattice-best-path[5.5.1074~1-71f3]:main():lattice-best-path.cc:99) For utterance sung_test_utteranceID_3_2_1, best cost 236.738 + 24181.5 = 24418.2 over 328 frames.
sung_test_utteranceID_3_2_1 zero two one 
LOG (lattice-best-path[5.5.1074~1-71f3]:main():lattice-best-path.cc:99) For utterance sung_test_utteranceID_4_3_2, best cost 216.718 + 22602.4 = 22819.2 over 303 frames.
sung_test_utteranceID_4_3_2 four two 
LOG (lattice-best-path[5.5.1074~1-71f3]:main():lattice-best-path.cc:99) For utterance sung_test_utteranceID_5_4_3, best cost 231.696 + 20544.7 = 20776.4 over 274 frames.
sung_test_utteranceID_5_4_3 four five four 
LOG (lattice-best-path[5.5.1074~1-71f3]:main():lattice-best-path.cc:99) For utterance sung_test_utteranceID_6_5_4, best cost 261.334 + 25804.1 = 26065.4 over 340 frames.
sung_test_utteranceID_6_5_4 six four five five 
LOG (lattice-best-path[5.5.1074~1-71f3]:main():lattice-best-path.cc:99) For utterance sung_test_utteranceID_7_6_5, best cost 249.339 + 23277 = 23526.3 over 300 frames.
sung_test_utteranceID_7_6_5 seven six four five 
LOG (lattice-best-path[5.5.1074~1-71f3]:main():lattice-best-path.cc:99) For utterance sung_test_utteranceID_8_7_6, best cost 246.931 + 28169 = 28415.9 over 369 frames.
sung_test_utteranceID_8_7_6 four nine seven six 
LOG (lattice-best-path[5.5.1074~1-71f3]:main():lattice-best-path.cc:99) For utterance sung_test_utteranceID_9_8_7, best cost 201.891 + 23033.8 = 23235.7 over 295 frames.
sung_test_utteranceID_9_8_7 nine seven 
LOG (lattice-best-path[5.5.1074~1-71f3]:main():lattice-best-path.cc:124) Overall cost per frame is 76.012 = 0.727781 [graph] + 75.2843 [acoustic] over 3168 frames.
LOG (lattice-best-path[5.5.1074~1-71f3]:main():lattice-best-path.cc:128) Done 10 lattices, failed for 0
# Accounting: time=0 threads=1
# Ended (code 0) at Thu Jun  1 14:29:55 IST 2023, elapsed time 0 seconds
