# gunzip -c exp/mono/decode/depth_tmp.*.gz | steps/diagnostic/analyze_lattice_depth_stats.py exp/mono/graph exp/mono/decode/ali_frame_tmp.gz 
# Started at Thu Jun  1 14:29:52 IST 2023
#
The total amount of data analyzed assuming 100 frames per second is 0.0 hours
Overall, lattice depth (10,50,90-percentile)=(1,2,3) and mean=2.0
Phone sil accounts for 56.8% of frames, with lattice depth (10,50,90-percentile)=(1,2,3) and mean=2.1
Nonsilence phones as a group account for 43.2% of frames, with lattice depth (10,50,90-percentile)=(1,2,3) and mean=1.9
Phone f_B accounts for 4.8% of frames, with lattice depth (10,50,90-percentile)=(2,2,3) and mean=2.3
Phone n_E accounts for 4.7% of frames, with lattice depth (10,50,90-percentile)=(1,2,2) and mean=1.7
Phone eh_I accounts for 3.1% of frames, with lattice depth (10,50,90-percentile)=(1,2,3) and mean=1.8
Phone v_I accounts for 3.0% of frames, with lattice depth (10,50,90-percentile)=(1,2,3) and mean=1.8
Phone ay_I accounts for 2.9% of frames, with lattice depth (10,50,90-percentile)=(1,2,2) and mean=1.6
Phone r_E accounts for 2.3% of frames, with lattice depth (10,50,90-percentile)=(2,2,4) and mean=2.4
Phone ah_I accounts for 2.1% of frames, with lattice depth (10,50,90-percentile)=(1,2,3) and mean=1.9
Phone r_I accounts for 2.0% of frames, with lattice depth (10,50,90-percentile)=(1,1,1) and mean=1.1
Phone t_E accounts for 1.9% of frames, with lattice depth (10,50,90-percentile)=(2,2,3) and mean=2.2
Phone iy_I accounts for 1.8% of frames, with lattice depth (10,50,90-percentile)=(1,2,2) and mean=1.7
Phone z_B accounts for 1.8% of frames, with lattice depth (10,50,90-percentile)=(1,2,2) and mean=1.7
Phone t_B accounts for 1.7% of frames, with lattice depth (10,50,90-percentile)=(2,2,4) and mean=3.0
Phone ey_B accounts for 1.7% of frames, with lattice depth (10,50,90-percentile)=(2,3,5) and mean=3.4
Phone th_B accounts for 1.2% of frames, with lattice depth (10,50,90-percentile)=(1,1,1) and mean=1.0
Phone uw_E accounts for 1.1% of frames, with lattice depth (10,50,90-percentile)=(2,3,4) and mean=3.0
Phone ih_I accounts for 0.9% of frames, with lattice depth (10,50,90-percentile)=(1,1,1) and mean=1.0
Phone s_B accounts for 0.9% of frames, with lattice depth (10,50,90-percentile)=(1,1,2) and mean=1.4
Phone ao_I accounts for 0.8% of frames, with lattice depth (10,50,90-percentile)=(2,3,4) and mean=3.0
Phone w_I accounts for 0.8% of frames, with lattice depth (10,50,90-percentile)=(1,1,3) and mean=1.9
Phone v_E accounts for 0.8% of frames, with lattice depth (10,50,90-percentile)=(2,2,3) and mean=2.4
Phone k_I accounts for 0.7% of frames, with lattice depth (10,50,90-percentile)=(1,1,1) and mean=1.0
Phone hh_B accounts for 0.5% of frames, with lattice depth (10,50,90-percentile)=(1,3,3) and mean=2.2
Phone w_B accounts for 0.5% of frames, with lattice depth (10,50,90-percentile)=(2,2,2) and mean=2.0
# Accounting: time=0 threads=1
# Ended (code 0) at Thu Jun  1 14:29:52 IST 2023, elapsed time 0 seconds
