# gmm-align-compiled --transition-scale=1.0 --acoustic-scale=0.1 --self-loop-scale=0.1 --beam=10 --retry-beam=40 --careful=false "gmm-boost-silence --boost=1.0 1 exp/tri1/20.mdl - |" "ark:gunzip -c exp/tri1/fsts.1.gz|" "ark,s,cs:apply-cmvn  --utt2spk=ark:data/train/split1/1/utt2spk scp:data/train/split1/1/cmvn.scp scp:data/train/split1/1/feats.scp ark:- | add-deltas  ark:- ark:- |" "ark:|gzip -c >exp/tri1/ali.1.gz" 
# Started at Thu Jun  1 14:29:53 IST 2023
#
gmm-align-compiled --transition-scale=1.0 --acoustic-scale=0.1 --self-loop-scale=0.1 --beam=10 --retry-beam=40 --careful=false 'gmm-boost-silence --boost=1.0 1 exp/tri1/20.mdl - |' 'ark:gunzip -c exp/tri1/fsts.1.gz|' 'ark,s,cs:apply-cmvn  --utt2spk=ark:data/train/split1/1/utt2spk scp:data/train/split1/1/cmvn.scp scp:data/train/split1/1/feats.scp ark:- | add-deltas  ark:- ark:- |' 'ark:|gzip -c >exp/tri1/ali.1.gz' 
gmm-boost-silence --boost=1.0 1 exp/tri1/20.mdl - 
WARNING (gmm-boost-silence[5.5.1074~1-71f3]:main():gmm-boost-silence.cc:82) The pdfs for the silence phones may be shared by other phones (note: this probably does not matter.)
LOG (gmm-boost-silence[5.5.1074~1-71f3]:main():gmm-boost-silence.cc:93) Boosted weights for 4 pdfs, by factor of 1
LOG (gmm-boost-silence[5.5.1074~1-71f3]:main():gmm-boost-silence.cc:103) Wrote model to -
apply-cmvn --utt2spk=ark:data/train/split1/1/utt2spk scp:data/train/split1/1/cmvn.scp scp:data/train/split1/1/feats.scp ark:- 
add-deltas ark:- ark:- 
LOG (gmm-align-compiled[5.5.1074~1-71f3]:main():gmm-align-compiled.cc:127) sung_train_utteranceID_0_1_2
LOG (gmm-align-compiled[5.5.1074~1-71f3]:main():gmm-align-compiled.cc:127) sung_train_utteranceID_1_2_3
LOG (gmm-align-compiled[5.5.1074~1-71f3]:main():gmm-align-compiled.cc:127) sung_train_utteranceID_2_3_4
LOG (gmm-align-compiled[5.5.1074~1-71f3]:main():gmm-align-compiled.cc:127) sung_train_utteranceID_3_4_5
LOG (apply-cmvn[5.5.1074~1-71f3]:main():apply-cmvn.cc:162) Applied cepstral mean normalization to 10 utterances, errors on 0
LOG (gmm-align-compiled[5.5.1074~1-71f3]:main():gmm-align-compiled.cc:127) sung_train_utteranceID_4_5_6
LOG (gmm-align-compiled[5.5.1074~1-71f3]:main():gmm-align-compiled.cc:127) sung_train_utteranceID_5_6_7
LOG (gmm-align-compiled[5.5.1074~1-71f3]:main():gmm-align-compiled.cc:127) sung_train_utteranceID_6_7_8
LOG (gmm-align-compiled[5.5.1074~1-71f3]:main():gmm-align-compiled.cc:127) sung_train_utteranceID_7_8_9
LOG (gmm-align-compiled[5.5.1074~1-71f3]:main():gmm-align-compiled.cc:127) sung_train_utteranceID_8_9_0
LOG (gmm-align-compiled[5.5.1074~1-71f3]:main():gmm-align-compiled.cc:127) sung_train_utteranceID_9_0_1
LOG (gmm-align-compiled[5.5.1074~1-71f3]:main():gmm-align-compiled.cc:135) Overall log-likelihood per frame is -70.561 over 3208 frames.
LOG (gmm-align-compiled[5.5.1074~1-71f3]:main():gmm-align-compiled.cc:137) Retried 0 out of 10 utterances.
LOG (gmm-align-compiled[5.5.1074~1-71f3]:main():gmm-align-compiled.cc:139) Done 10, errors on 0
# Accounting: time=0 threads=1
# Ended (code 0) at Thu Jun  1 14:29:53 IST 2023, elapsed time 0 seconds
