# build-tree --verbose=1 --max-leaves=2000 --cluster-thresh=-1 exp/tri1/treeacc data/lang/phones/roots.int exp/tri1/questions.qst data/lang/topo exp/tri1/tree 
# Started at Thu Jun  1 14:29:52 IST 2023
#
build-tree --verbose=1 --max-leaves=2000 --cluster-thresh=-1 exp/tri1/treeacc data/lang/phones/roots.int exp/tri1/questions.qst data/lang/topo exp/tri1/tree 
LOG (build-tree[5.5.1074~1-71f3]:main():build-tree.cc:104) Number of separate statistics is 176
LOG (build-tree[5.5.1074~1-71f3]:BuildTree():build-tree.cc:161) BuildTree: before building trees, map has 22 leaves.
LOG (build-tree[5.5.1074~1-71f3]:SplitDecisionTree():build-tree-utils.cc:577) DoDecisionTreeSplit: split 25 times, #leaves now 47
LOG (build-tree[5.5.1074~1-71f3]:BuildTree():build-tree.cc:187) Setting clustering threshold to smallest split 303.391
VLOG[1] (build-tree[5.5.1074~1-71f3]:BuildTree():build-tree.cc:196) After decision tree split, num-leaves = 47, like-impr = 5.03345 per frame over 3208 frames.
VLOG[1] (build-tree[5.5.1074~1-71f3]:BuildTree():build-tree.cc:200) Including just phones that were split, improvement is 5.03345 per frame over 3208 frames.
LOG (build-tree[5.5.1074~1-71f3]:BuildTree():build-tree.cc:215) BuildTree: removed 4 leaves.
VLOG[1] (build-tree[5.5.1074~1-71f3]:ClusterEventMapToNClustersRestrictedByMap():build-tree-utils.cc:914) Number of non-empty clusters in map = 21
VLOG[1] (build-tree[5.5.1074~1-71f3]:ClusterEventMapToNClustersRestrictedByMap():build-tree-utils.cc:915) Number of non-empty clusters = 42
LOG (build-tree[5.5.1074~1-71f3]:BuildTree():build-tree.cc:231) BuildTree: Rounded num leaves to multiple of 8 by removing 3 leaves.
VLOG[1] (build-tree[5.5.1074~1-71f3]:BuildTree():build-tree.cc:256) Objf change due to clustering -0.635852 per frame.
VLOG[1] (build-tree[5.5.1074~1-71f3]:BuildTree():build-tree.cc:259) Normalizing over only split phones, this is: -0.635852 per frame.
VLOG[1] (build-tree[5.5.1074~1-71f3]:BuildTree():build-tree.cc:262) Num-leaves is now 40
VLOG[1] (build-tree[5.5.1074~1-71f3]:main():build-tree.cc:143) For pdf-id 0, low count 70
VLOG[1] (build-tree[5.5.1074~1-71f3]:main():build-tree.cc:143) For pdf-id 1, low count 0
VLOG[1] (build-tree[5.5.1074~1-71f3]:main():build-tree.cc:143) For pdf-id 2, low count 35
VLOG[1] (build-tree[5.5.1074~1-71f3]:main():build-tree.cc:143) For pdf-id 3, low count 32
VLOG[1] (build-tree[5.5.1074~1-71f3]:main():build-tree.cc:143) For pdf-id 4, low count 31
VLOG[1] (build-tree[5.5.1074~1-71f3]:main():build-tree.cc:143) For pdf-id 5, low count 65
VLOG[1] (build-tree[5.5.1074~1-71f3]:main():build-tree.cc:143) For pdf-id 6, low count 29
VLOG[1] (build-tree[5.5.1074~1-71f3]:main():build-tree.cc:143) For pdf-id 7, low count 17
VLOG[1] (build-tree[5.5.1074~1-71f3]:main():build-tree.cc:143) For pdf-id 8, low count 10
VLOG[1] (build-tree[5.5.1074~1-71f3]:main():build-tree.cc:143) For pdf-id 9, low count 33
VLOG[1] (build-tree[5.5.1074~1-71f3]:main():build-tree.cc:143) For pdf-id 10, low count 66
VLOG[1] (build-tree[5.5.1074~1-71f3]:main():build-tree.cc:143) For pdf-id 11, low count 51
VLOG[1] (build-tree[5.5.1074~1-71f3]:main():build-tree.cc:143) For pdf-id 12, low count 57
VLOG[1] (build-tree[5.5.1074~1-71f3]:main():build-tree.cc:143) For pdf-id 13, low count 37
VLOG[1] (build-tree[5.5.1074~1-71f3]:main():build-tree.cc:143) For pdf-id 14, low count 66
VLOG[1] (build-tree[5.5.1074~1-71f3]:main():build-tree.cc:143) For pdf-id 15, low count 37
VLOG[1] (build-tree[5.5.1074~1-71f3]:main():build-tree.cc:143) For pdf-id 17, low count 51
VLOG[1] (build-tree[5.5.1074~1-71f3]:main():build-tree.cc:143) For pdf-id 18, low count 53
VLOG[1] (build-tree[5.5.1074~1-71f3]:main():build-tree.cc:143) For pdf-id 19, low count 65
VLOG[1] (build-tree[5.5.1074~1-71f3]:main():build-tree.cc:143) For pdf-id 20, low count 27
VLOG[1] (build-tree[5.5.1074~1-71f3]:main():build-tree.cc:143) For pdf-id 21, low count 41
VLOG[1] (build-tree[5.5.1074~1-71f3]:main():build-tree.cc:143) For pdf-id 25, low count 44
VLOG[1] (build-tree[5.5.1074~1-71f3]:main():build-tree.cc:143) For pdf-id 28, low count 59
VLOG[1] (build-tree[5.5.1074~1-71f3]:main():build-tree.cc:143) For pdf-id 29, low count 48
VLOG[1] (build-tree[5.5.1074~1-71f3]:main():build-tree.cc:143) For pdf-id 30, low count 46
VLOG[1] (build-tree[5.5.1074~1-71f3]:main():build-tree.cc:143) For pdf-id 31, low count 25
VLOG[1] (build-tree[5.5.1074~1-71f3]:main():build-tree.cc:143) For pdf-id 32, low count 38
VLOG[1] (build-tree[5.5.1074~1-71f3]:main():build-tree.cc:143) For pdf-id 34, low count 33
VLOG[1] (build-tree[5.5.1074~1-71f3]:main():build-tree.cc:143) For pdf-id 35, low count 91
VLOG[1] (build-tree[5.5.1074~1-71f3]:main():build-tree.cc:143) For pdf-id 36, low count 46
VLOG[1] (build-tree[5.5.1074~1-71f3]:main():build-tree.cc:143) For pdf-id 37, low count 17
VLOG[1] (build-tree[5.5.1074~1-71f3]:main():build-tree.cc:143) For pdf-id 38, low count 15
VLOG[1] (build-tree[5.5.1074~1-71f3]:main():build-tree.cc:143) For pdf-id 39, low count 50
WARNING (build-tree[5.5.1074~1-71f3]:main():build-tree.cc:185) Saw no stats for following phones: 2 3 4 5 6 7 8 9 10 11 12 14 15 16 18 19 20 22 23 24 26 28 29 30 32 33 34 36 37 38 39 40 42 43 46 47 48 50 53 54 55 57 58 59 62 65 66 69 70 72 73 74 75 77 78 79 82 84 86 88 89 90 
LOG (build-tree[5.5.1074~1-71f3]:main():build-tree.cc:189) Wrote tree
# Accounting: time=0 threads=1
# Ended (code 0) at Thu Jun  1 14:29:52 IST 2023, elapsed time 0 seconds
