# gmm-init-model --write-occs=exp/tri1/1.occs exp/tri1/tree exp/tri1/treeacc data/lang/topo exp/tri1/1.mdl 
# Started at Thu Jun  1 14:29:52 IST 2023
#
gmm-init-model --write-occs=exp/tri1/1.occs exp/tri1/tree exp/tri1/treeacc data/lang/topo exp/tri1/1.mdl 
LOG (gmm-init-model[5.5.1074~1-71f3]:main():gmm-init-model.cc:271) Number of separate statistics is 176
WARNING (gmm-init-model[5.5.1074~1-71f3]:InitAmGmm():gmm-init-model.cc:55) Tree has pdf-id 1 with no stats; corresponding phone list: 6 7 8 9 10 
WARNING (gmm-init-model[5.5.1074~1-71f3]:InitAmGmm():gmm-init-model.cc:83) Very small count for state 0: 70; corresponding phone list: 1 2 3 4 5 
WARNING (gmm-init-model[5.5.1074~1-71f3]:InitAmGmm():gmm-init-model.cc:83) Very small count for state 2: 35; corresponding phone list: 11 12 13 14 
WARNING (gmm-init-model[5.5.1074~1-71f3]:InitAmGmm():gmm-init-model.cc:83) Very small count for state 3: 32; corresponding phone list: 15 16 17 18 
WARNING (gmm-init-model[5.5.1074~1-71f3]:InitAmGmm():gmm-init-model.cc:83) Very small count for state 4: 31; corresponding phone list: 19 20 21 22 
WARNING (gmm-init-model[5.5.1074~1-71f3]:InitAmGmm():gmm-init-model.cc:83) Very small count for state 5: 65; corresponding phone list: 23 24 25 26 
WARNING (gmm-init-model[5.5.1074~1-71f3]:InitAmGmm():gmm-init-model.cc:83) Very small count for state 6: 29; corresponding phone list: 27 28 29 30 
WARNING (gmm-init-model[5.5.1074~1-71f3]:InitAmGmm():gmm-init-model.cc:83) Very small count for state 7: 17; corresponding phone list: 31 32 33 34 
WARNING (gmm-init-model[5.5.1074~1-71f3]:InitAmGmm():gmm-init-model.cc:83) Very small count for state 8: 10; corresponding phone list: 35 36 37 38 
WARNING (gmm-init-model[5.5.1074~1-71f3]:InitAmGmm():gmm-init-model.cc:83) Very small count for state 9: 33; corresponding phone list: 39 40 41 42 
WARNING (gmm-init-model[5.5.1074~1-71f3]:InitAmGmm():gmm-init-model.cc:83) Very small count for state 10: 66; corresponding phone list: 43 44 45 46 
WARNING (gmm-init-model[5.5.1074~1-71f3]:InitAmGmm():gmm-init-model.cc:83) Very small count for state 11: 51; corresponding phone list: 47 48 49 50 
WARNING (gmm-init-model[5.5.1074~1-71f3]:InitAmGmm():gmm-init-model.cc:83) Very small count for state 12: 57; corresponding phone list: 51 52 53 54 
WARNING (gmm-init-model[5.5.1074~1-71f3]:InitAmGmm():gmm-init-model.cc:83) Very small count for state 13: 37; corresponding phone list: 55 56 57 58 
WARNING (gmm-init-model[5.5.1074~1-71f3]:InitAmGmm():gmm-init-model.cc:83) Very small count for state 14: 66; corresponding phone list: 59 60 61 62 
WARNING (gmm-init-model[5.5.1074~1-71f3]:InitAmGmm():gmm-init-model.cc:83) Very small count for state 15: 37; corresponding phone list: 63 64 65 66 
WARNING (gmm-init-model[5.5.1074~1-71f3]:InitAmGmm():gmm-init-model.cc:83) Very small count for state 17: 51; corresponding phone list: 71 72 73 74 
WARNING (gmm-init-model[5.5.1074~1-71f3]:InitAmGmm():gmm-init-model.cc:83) Very small count for state 18: 53; corresponding phone list: 75 76 77 78 
WARNING (gmm-init-model[5.5.1074~1-71f3]:InitAmGmm():gmm-init-model.cc:83) Very small count for state 19: 65; corresponding phone list: 79 80 81 82 
WARNING (gmm-init-model[5.5.1074~1-71f3]:InitAmGmm():gmm-init-model.cc:83) Very small count for state 20: 27; corresponding phone list: 83 84 85 86 
WARNING (gmm-init-model[5.5.1074~1-71f3]:InitAmGmm():gmm-init-model.cc:83) Very small count for state 21: 41; corresponding phone list: 87 88 89 90 
WARNING (gmm-init-model[5.5.1074~1-71f3]:InitAmGmm():gmm-init-model.cc:83) Very small count for state 25: 44; corresponding phone list: 59 60 61 62 
WARNING (gmm-init-model[5.5.1074~1-71f3]:InitAmGmm():gmm-init-model.cc:83) Very small count for state 28: 59; corresponding phone list: 67 68 69 70 
WARNING (gmm-init-model[5.5.1074~1-71f3]:InitAmGmm():gmm-init-model.cc:83) Very small count for state 29: 48; corresponding phone list: 23 24 25 26 
WARNING (gmm-init-model[5.5.1074~1-71f3]:InitAmGmm():gmm-init-model.cc:83) Very small count for state 30: 46; corresponding phone list: 15 16 17 18 
WARNING (gmm-init-model[5.5.1074~1-71f3]:InitAmGmm():gmm-init-model.cc:83) Very small count for state 31: 25; corresponding phone list: 79 80 81 82 
WARNING (gmm-init-model[5.5.1074~1-71f3]:InitAmGmm():gmm-init-model.cc:83) Very small count for state 32: 38; corresponding phone list: 27 28 29 30 
WARNING (gmm-init-model[5.5.1074~1-71f3]:InitAmGmm():gmm-init-model.cc:83) Very small count for state 34: 33; corresponding phone list: 11 12 13 14 
WARNING (gmm-init-model[5.5.1074~1-71f3]:InitAmGmm():gmm-init-model.cc:83) Very small count for state 35: 91; corresponding phone list: 31 32 33 34 
WARNING (gmm-init-model[5.5.1074~1-71f3]:InitAmGmm():gmm-init-model.cc:83) Very small count for state 36: 46; corresponding phone list: 63 64 65 66 
WARNING (gmm-init-model[5.5.1074~1-71f3]:InitAmGmm():gmm-init-model.cc:83) Very small count for state 37: 17; corresponding phone list: 83 84 85 86 
WARNING (gmm-init-model[5.5.1074~1-71f3]:InitAmGmm():gmm-init-model.cc:83) Very small count for state 38: 15; corresponding phone list: 87 88 89 90 
WARNING (gmm-init-model[5.5.1074~1-71f3]:InitAmGmm():gmm-init-model.cc:83) Very small count for state 39: 50; corresponding phone list: 19 20 21 22 
LOG (gmm-init-model[5.5.1074~1-71f3]:main():gmm-init-model.cc:306) Wrote model.
# Accounting: time=0 threads=1
# Ended (code 0) at Thu Jun  1 14:29:52 IST 2023, elapsed time 0 seconds
